#
# There is insufficient memory for the Java Runtime Environment to continue.
# Native memory allocation (mmap) failed to map 2415919104 bytes. Error detail: G1 virtual space
# Possible reasons:
#   The system is out of physical RAM or swap space
#   This process is running with CompressedOops enabled, and the Java Heap may be blocking the growth of the native heap
# Possible solutions:
#   Reduce memory load on the system
#   Increase physical memory or swap space
#   Check if swap backing store is full
#   Decrease Java heap size (-Xmx/-Xms)
#   Decrease number of Java threads
#   Decrease Java thread stack sizes (-Xss)
#   Set larger code cache with -XX:ReservedCodeCacheSize=
#   JVM is running with Zero Based Compressed Oops mode in which the Java heap is
#     placed in the first 32GB address space. The Java Heap base address is the
#     maximum limit for the native heap growth. Please use -XX:HeapBaseMinAddress
#     to set the Java Heap base and to place the Java Heap above 32GB virtual address.
# This output file may be truncated or incomplete.
#
#  Out of Memory Error (os_windows.cpp:3686), pid=25612, tid=24880
#
# JRE version: OpenJDK Runtime Environment Temurin-21.0.6+7 (21.0.6+7) (build 21.0.6+7-LTS)
# Java VM: OpenJDK 64-Bit Server VM Temurin-21.0.6+7 (21.0.6+7-LTS, mixed mode, sharing, tiered, compressed oops, compressed class ptrs, g1 gc, windows-amd64)
# No core dump will be written. Minidumps are not enabled by default on client versions of Windows
#

---------------  S U M M A R Y ------------

Command Line: -Xmx12G Test

Host: 12th Gen Intel(R) Core(TM) i5-1235U, 12 cores, 7G,  Windows 11 , 64 bit Build 26100 (10.0.26100.8328)
Time: Sun May  3 22:22:56 2026 South Africa Standard Time elapsed time: 3.048213 seconds (0d 0h 0m 3s)

---------------  T H R E A D  ---------------

Current thread (0x000001a2db2a3030):  VMThread "VM Thread"          [id=24880, stack(0x0000002d2e100000,0x0000002d2e200000) (1024K)]

Stack: [0x0000002d2e100000,0x0000002d2e200000]
Native frames: (J=compiled Java code, j=interpreted, Vv=VM code, C=native code)
V  [jvm.dll+0x6cdee9]
V  [jvm.dll+0x8a83d1]
V  [jvm.dll+0x8aa8fe]
V  [jvm.dll+0x8aafe3]
V  [jvm.dll+0x27f706]
V  [jvm.dll+0x6ca755]
V  [jvm.dll+0x6bea3a]
V  [jvm.dll+0x355d6a]
V  [jvm.dll+0x35d936]
V  [jvm.dll+0x3af58e]
V  [jvm.dll+0x3af838]
V  [jvm.dll+0x329efc]
V  [jvm.dll+0x329f87]
V  [jvm.dll+0x36dd4c]
V  [jvm.dll+0x36c598]
V  [jvm.dll+0x3296c1]
V  [jvm.dll+0x36bc0a]
V  [jvm.dll+0x8b0cff]
V  [jvm.dll+0x8b2084]
V  [jvm.dll+0x8b25c0]
V  [jvm.dll+0x8b2863]
V  [jvm.dll+0x851f8b]
V  [jvm.dll+0x6cc5ed]
C  [ucrtbase.dll+0x37b0]
C  [KERNEL32.DLL+0x2e957]
C  [ntdll.dll+0x427c]

VM_Operation (0x0000002d2dafee40): G1CollectForAllocation, mode: safepoint, requested by thread 0x000001a2b20a5600


---------------  P R O C E S S  ---------------

Threads class SMR info:
_java_thread_list=0x000001a32355e780, length=12, elements={
0x000001a2b20a5600, 0x000001a2db2c10b0, 0x000001a2db2c6c30, 0x000001a2db2c8950,
0x000001a2db2ccaf0, 0x000001a2db2ce0f0, 0x000001a2db2d3870, 0x000001a2db2e0750,
0x000001a2db2e6da0, 0x000001a323172640, 0x000001a323175cd0, 0x000001a3231a9500
}

Java Threads: ( => current thread )
  0x000001a2b20a5600 JavaThread "main"                              [_thread_blocked, id=7280, stack(0x0000002d2da00000,0x0000002d2db00000) (1024K)]
  0x000001a2db2c10b0 JavaThread "Reference Handler"          daemon [_thread_blocked, id=18508, stack(0x0000002d2e200000,0x0000002d2e300000) (1024K)]
  0x000001a2db2c6c30 JavaThread "Finalizer"                  daemon [_thread_blocked, id=11596, stack(0x0000002d2e300000,0x0000002d2e400000) (1024K)]
  0x000001a2db2c8950 JavaThread "Signal Dispatcher"          daemon [_thread_blocked, id=23860, stack(0x0000002d2e400000,0x0000002d2e500000) (1024K)]
  0x000001a2db2ccaf0 JavaThread "Attach Listener"            daemon [_thread_blocked, id=26240, stack(0x0000002d2e500000,0x0000002d2e600000) (1024K)]
  0x000001a2db2ce0f0 JavaThread "Service Thread"             daemon [_thread_blocked, id=13620, stack(0x0000002d2e600000,0x0000002d2e700000) (1024K)]
  0x000001a2db2d3870 JavaThread "Monitor Deflation Thread"   daemon [_thread_blocked, id=21360, stack(0x0000002d2e700000,0x0000002d2e800000) (1024K)]
  0x000001a2db2e0750 JavaThread "C2 CompilerThread0"         daemon [_thread_blocked, id=19912, stack(0x0000002d2e800000,0x0000002d2e900000) (1024K)]
  0x000001a2db2e6da0 JavaThread "C1 CompilerThread0"         daemon [_thread_blocked, id=24740, stack(0x0000002d2e900000,0x0000002d2ea00000) (1024K)]
  0x000001a323172640 JavaThread "Notification Thread"        daemon [_thread_blocked, id=12572, stack(0x0000002d2ea00000,0x0000002d2eb00000) (1024K)]
  0x000001a323175cd0 JavaThread "Common-Cleaner"             daemon [_thread_blocked, id=7472, stack(0x0000002d2eb00000,0x0000002d2ec00000) (1024K)]
  0x000001a3231a9500 JavaThread "Java2D Disposer"            daemon [_thread_blocked, id=11712, stack(0x0000002d2ec00000,0x0000002d2ed00000) (1024K)]
Total: 12

Other Threads:
=>0x000001a2db2a3030 VMThread "VM Thread"                           [id=24880, stack(0x0000002d2e100000,0x0000002d2e200000) (1024K)]
  0x000001a2db290130 WatcherThread "VM Periodic Task Thread"        [id=24168, stack(0x0000002d2e000000,0x0000002d2e100000) (1024K)]
  0x000001a2b4572fc0 WorkerThread "GC Thread#0"                     [id=19184, stack(0x0000002d2db00000,0x0000002d2dc00000) (1024K)]
  0x000001a3236385e0 WorkerThread "GC Thread#1"                     [id=23176, stack(0x0000002d2ed00000,0x0000002d2ee00000) (1024K)]
  0x000001a3233069c0 WorkerThread "GC Thread#2"                     [id=5224, stack(0x0000002d2ee00000,0x0000002d2ef00000) (1024K)]
  0x000001a32349dad0 WorkerThread "GC Thread#3"                     [id=19640, stack(0x0000002d2ef00000,0x0000002d2f000000) (1024K)]
  0x000001a3238e6840 WorkerThread "GC Thread#4"                     [id=7788, stack(0x0000002d2f200000,0x0000002d2f300000) (1024K)]
  0x000001a32351f1a0 WorkerThread "GC Thread#5"                     [id=20332, stack(0x0000002d2f300000,0x0000002d2f400000) (1024K)]
  0x000001a3237a4850 WorkerThread "GC Thread#6"                     [id=16244, stack(0x0000002d2f400000,0x0000002d2f500000) (1024K)]
  0x000001a3237a4bf0 WorkerThread "GC Thread#7"                     [id=13044, stack(0x0000002d2f500000,0x0000002d2f600000) (1024K)]
  0x000001a3237a4f90 WorkerThread "GC Thread#8"                     [id=7092, stack(0x0000002d2f600000,0x0000002d2f700000) (1024K)]
  0x000001a32338c430 WorkerThread "GC Thread#9"                     [id=20088, stack(0x0000002d2f100000,0x0000002d2f200000) (1024K)]
  0x000001a2b457dfa0 ConcurrentGCThread "G1 Main Marker"            [id=22972, stack(0x0000002d2dc00000,0x0000002d2dd00000) (1024K)]
  0x000001a2b457eaa0 WorkerThread "G1 Conc#0"                       [id=23028, stack(0x0000002d2dd00000,0x0000002d2de00000) (1024K)]
  0x000001a2db1591c0 ConcurrentGCThread "G1 Refine#0"               [id=26816, stack(0x0000002d2de00000,0x0000002d2df00000) (1024K)]
  0x000001a2db15a370 ConcurrentGCThread "G1 Service"                [id=17976, stack(0x0000002d2df00000,0x0000002d2e000000) (1024K)]
Total: 16

Threads with active compile tasks:
Total: 0

VM state: at safepoint (normal execution)

VM Mutex/Monitor currently owned by a thread:  ([mutex/lock_event])
[0x00007ffee8fbe380] Threads_lock - owner thread: 0x000001a2db2a3030
[0x00007ffee8fbe480] Heap_lock - owner thread: 0x000001a2b20a5600

Heap address: 0x0000000500000000, size: 12288 MB, Compressed Oops mode: Zero based, Oop shift amount: 3

CDS archive(s) mapped at: [0x000001a2de000000-0x000001a2dec80000-0x000001a2dec80000), size 13107200, SharedBaseAddress: 0x000001a2de000000, ArchiveRelocationMode: 1.
Compressed class space mapped at: 0x000001a2df000000-0x000001a31f000000, reserved size: 1073741824
Narrow klass base: 0x000001a2de000000, Narrow klass shift: 0, Narrow klass range: 0x100000000

GC Precious Log:
 CardTable entry size: 512
 Card Set container configuration: InlinePtr #cards 4 size 8 Array Of Cards #cards 64 size 144 Howl #buckets 8 coarsen threshold 14745 Howl Bitmap #cards 2048 size 272 coarsen threshold 1843 Card regions per heap region 1 cards per card region 16384
 CPUs: 12 total, 12 available
 Memory: 7916M
 Large Page Support: Disabled
 NUMA Support: Disabled
 Compressed Oops: Enabled (Zero based)
 Heap Region Size: 8M
 Heap Min Capacity: 8M
 Heap Initial Capacity: 128M
 Heap Max Capacity: 12G
 Pre-touch: Disabled
 Parallel Workers: 10
 Concurrent Workers: 3
 Concurrent Refinement Workers: 10
 Periodic GC: Disabled

Heap:
 garbage-first heap   total 1179648K, used 735520K [0x0000000500000000, 0x0000000800000000)
  region size 8192K, 3 young (24576K), 3 survivors (24576K)
 Metaspace       used 1911K, committed 2048K, reserved 1114112K
  class space    used 168K, committed 256K, reserved 1048576K

Heap Regions: E=young(eden), S=young(survivor), O=old, HS=humongous(starts), HC=humongous(continues), CS=collection set, F=free, TAMS=top-at-mark-start, PB=parsable bottom
|   0|0x0000000500000000, 0x0000000500800000, 0x0000000500800000|100%| O|  |TAMS 0x0000000500800000| PB 0x0000000500000000| Untracked 
|   1|0x0000000500800000, 0x0000000501000000, 0x0000000501000000|100%| O|  |TAMS 0x0000000501000000| PB 0x0000000500800000| Untracked 
|   2|0x0000000501000000, 0x0000000501800000, 0x0000000501800000|100%| O|  |TAMS 0x0000000501800000| PB 0x0000000501000000| Untracked 
|   3|0x0000000501800000, 0x0000000502000000, 0x0000000502000000|100%| O|  |TAMS 0x0000000502000000| PB 0x0000000501800000| Untracked 
|   4|0x0000000502000000, 0x0000000502800000, 0x0000000502800000|100%| O|  |TAMS 0x0000000502800000| PB 0x0000000502000000| Untracked 
|   5|0x0000000502800000, 0x0000000503000000, 0x0000000503000000|100%| O|  |TAMS 0x0000000503000000| PB 0x0000000502800000| Untracked 
|   6|0x0000000503000000, 0x0000000503800000, 0x0000000503800000|100%| O|  |TAMS 0x0000000503800000| PB 0x0000000503000000| Untracked 
|   7|0x0000000503800000, 0x0000000504000000, 0x0000000504000000|100%| O|  |TAMS 0x0000000504000000| PB 0x0000000503800000| Untracked 
|   8|0x0000000504000000, 0x0000000504800000, 0x0000000504800000|100%| O|  |TAMS 0x0000000504800000| PB 0x0000000504000000| Untracked 
|   9|0x0000000504800000, 0x0000000505000000, 0x0000000505000000|100%| O|  |TAMS 0x0000000505000000| PB 0x0000000504800000| Untracked 
|  10|0x0000000505000000, 0x0000000505800000, 0x0000000505800000|100%| O|  |TAMS 0x0000000505800000| PB 0x0000000505000000| Untracked 
|  11|0x0000000505800000, 0x0000000506000000, 0x0000000506000000|100%| O|  |TAMS 0x0000000506000000| PB 0x0000000505800000| Untracked 
|  12|0x0000000506000000, 0x0000000506800000, 0x0000000506800000|100%| O|  |TAMS 0x0000000506800000| PB 0x0000000506000000| Untracked 
|  13|0x0000000506800000, 0x0000000507000000, 0x0000000507000000|100%| O|  |TAMS 0x0000000507000000| PB 0x0000000506800000| Untracked 
|  14|0x0000000507000000, 0x0000000507800000, 0x0000000507800000|100%| O|  |TAMS 0x0000000507800000| PB 0x0000000507000000| Untracked 
|  15|0x0000000507800000, 0x0000000508000000, 0x0000000508000000|100%| O|  |TAMS 0x0000000508000000| PB 0x0000000507800000| Untracked 
|  16|0x0000000508000000, 0x0000000508800000, 0x0000000508800000|100%| O|  |TAMS 0x0000000508800000| PB 0x0000000508000000| Untracked 
|  17|0x0000000508800000, 0x0000000509000000, 0x0000000509000000|100%| O|  |TAMS 0x0000000509000000| PB 0x0000000508800000| Untracked 
|  18|0x0000000509000000, 0x0000000509800000, 0x0000000509800000|100%| O|  |TAMS 0x0000000509800000| PB 0x0000000509000000| Untracked 
|  19|0x0000000509800000, 0x000000050a000000, 0x000000050a000000|100%| O|  |TAMS 0x000000050a000000| PB 0x0000000509800000| Untracked 
|  20|0x000000050a000000, 0x000000050a800000, 0x000000050a800000|100%| O|  |TAMS 0x000000050a800000| PB 0x000000050a000000| Untracked 
|  21|0x000000050a800000, 0x000000050b000000, 0x000000050b000000|100%| O|  |TAMS 0x000000050b000000| PB 0x000000050a800000| Untracked 
|  22|0x000000050b000000, 0x000000050b800000, 0x000000050b800000|100%| O|  |TAMS 0x000000050b800000| PB 0x000000050b000000| Untracked 
|  23|0x000000050b800000, 0x000000050c000000, 0x000000050c000000|100%| O|  |TAMS 0x000000050c000000| PB 0x000000050b800000| Untracked 
|  24|0x000000050c000000, 0x000000050c800000, 0x000000050c800000|100%| O|  |TAMS 0x000000050c800000| PB 0x000000050c000000| Untracked 
|  25|0x000000050c800000, 0x000000050d000000, 0x000000050d000000|100%| O|  |TAMS 0x000000050d000000| PB 0x000000050c800000| Untracked 
|  26|0x000000050d000000, 0x000000050d800000, 0x000000050d800000|100%| O|  |TAMS 0x000000050d800000| PB 0x000000050d000000| Untracked 
|  27|0x000000050d800000, 0x000000050e000000, 0x000000050e000000|100%| O|  |TAMS 0x000000050e000000| PB 0x000000050d800000| Untracked 
|  28|0x000000050e000000, 0x000000050e800000, 0x000000050e800000|100%| O|  |TAMS 0x000000050e800000| PB 0x000000050e000000| Untracked 
|  29|0x000000050e800000, 0x000000050f000000, 0x000000050f000000|100%| O|  |TAMS 0x000000050f000000| PB 0x000000050e800000| Untracked 
|  30|0x000000050f000000, 0x000000050f800000, 0x000000050f800000|100%| O|  |TAMS 0x000000050f800000| PB 0x000000050f000000| Untracked 
|  31|0x000000050f800000, 0x0000000510000000, 0x0000000510000000|100%| O|  |TAMS 0x0000000510000000| PB 0x000000050f800000| Untracked 
|  32|0x0000000510000000, 0x0000000510800000, 0x0000000510800000|100%| O|  |TAMS 0x0000000510800000| PB 0x0000000510000000| Untracked 
|  33|0x0000000510800000, 0x0000000511000000, 0x0000000511000000|100%| O|  |TAMS 0x0000000511000000| PB 0x0000000510800000| Untracked 
|  34|0x0000000511000000, 0x0000000511800000, 0x0000000511800000|100%| O|  |TAMS 0x0000000511800000| PB 0x0000000511000000| Untracked 
|  35|0x0000000511800000, 0x0000000512000000, 0x0000000512000000|100%| O|  |TAMS 0x0000000512000000| PB 0x0000000511800000| Untracked 
|  36|0x0000000512000000, 0x0000000512800000, 0x0000000512800000|100%| O|  |TAMS 0x0000000512800000| PB 0x0000000512000000| Untracked 
|  37|0x0000000512800000, 0x0000000513000000, 0x0000000513000000|100%| O|  |TAMS 0x0000000513000000| PB 0x0000000512800000| Untracked 
|  38|0x0000000513000000, 0x0000000513800000, 0x0000000513800000|100%| O|  |TAMS 0x0000000513800000| PB 0x0000000513000000| Untracked 
|  39|0x0000000513800000, 0x0000000514000000, 0x0000000514000000|100%| O|  |TAMS 0x0000000514000000| PB 0x0000000513800000| Untracked 
|  40|0x0000000514000000, 0x0000000514800000, 0x0000000514800000|100%| O|  |TAMS 0x0000000514800000| PB 0x0000000514000000| Untracked 
|  41|0x0000000514800000, 0x0000000515000000, 0x0000000515000000|100%| O|  |TAMS 0x0000000515000000| PB 0x0000000514800000| Untracked 
|  42|0x0000000515000000, 0x0000000515800000, 0x0000000515800000|100%| O|  |TAMS 0x0000000515800000| PB 0x0000000515000000| Untracked 
|  43|0x0000000515800000, 0x0000000516000000, 0x0000000516000000|100%| O|  |TAMS 0x0000000516000000| PB 0x0000000515800000| Untracked 
|  44|0x0000000516000000, 0x0000000516800000, 0x0000000516800000|100%| O|  |TAMS 0x0000000516800000| PB 0x0000000516000000| Untracked 
|  45|0x0000000516800000, 0x0000000517000000, 0x0000000517000000|100%| O|  |TAMS 0x0000000517000000| PB 0x0000000516800000| Untracked 
|  46|0x0000000517000000, 0x0000000517800000, 0x0000000517800000|100%| O|  |TAMS 0x0000000517800000| PB 0x0000000517000000| Untracked 
|  47|0x0000000517800000, 0x0000000518000000, 0x0000000518000000|100%| O|  |TAMS 0x0000000518000000| PB 0x0000000517800000| Untracked 
|  48|0x0000000518000000, 0x0000000518800000, 0x0000000518800000|100%| O|  |TAMS 0x0000000518800000| PB 0x0000000518000000| Untracked 
|  49|0x0000000518800000, 0x0000000519000000, 0x0000000519000000|100%| O|  |TAMS 0x0000000519000000| PB 0x0000000518800000| Untracked 
|  50|0x0000000519000000, 0x0000000519800000, 0x0000000519800000|100%| O|  |TAMS 0x0000000519800000| PB 0x0000000519000000| Untracked 
|  51|0x0000000519800000, 0x000000051a000000, 0x000000051a000000|100%| O|  |TAMS 0x000000051a000000| PB 0x0000000519800000| Untracked 
|  52|0x000000051a000000, 0x000000051a800000, 0x000000051a800000|100%| O|  |TAMS 0x000000051a800000| PB 0x000000051a000000| Untracked 
|  53|0x000000051a800000, 0x000000051b000000, 0x000000051b000000|100%| O|  |TAMS 0x000000051b000000| PB 0x000000051a800000| Untracked 
|  54|0x000000051b000000, 0x000000051b800000, 0x000000051b800000|100%| O|  |TAMS 0x000000051b800000| PB 0x000000051b000000| Untracked 
|  55|0x000000051b800000, 0x000000051c000000, 0x000000051c000000|100%| O|  |TAMS 0x000000051c000000| PB 0x000000051b800000| Untracked 
|  56|0x000000051c000000, 0x000000051c800000, 0x000000051c800000|100%| O|  |TAMS 0x000000051c800000| PB 0x000000051c000000| Untracked 
|  57|0x000000051c800000, 0x000000051d000000, 0x000000051d000000|100%| O|  |TAMS 0x000000051d000000| PB 0x000000051c800000| Untracked 
|  58|0x000000051d000000, 0x000000051d800000, 0x000000051d800000|100%| O|  |TAMS 0x000000051d800000| PB 0x000000051d000000| Untracked 
|  59|0x000000051d800000, 0x000000051e000000, 0x000000051e000000|100%| O|  |TAMS 0x000000051e000000| PB 0x000000051d800000| Untracked 
|  60|0x000000051e000000, 0x000000051e800000, 0x000000051e800000|100%| O|  |TAMS 0x000000051e800000| PB 0x000000051e000000| Untracked 
|  61|0x000000051e800000, 0x000000051f000000, 0x000000051f000000|100%| O|  |TAMS 0x000000051f000000| PB 0x000000051e800000| Untracked 
|  62|0x000000051f000000, 0x000000051f800000, 0x000000051f800000|100%| O|  |TAMS 0x000000051f800000| PB 0x000000051f000000| Untracked 
|  63|0x000000051f800000, 0x0000000520000000, 0x0000000520000000|100%| O|  |TAMS 0x0000000520000000| PB 0x000000051f800000| Untracked 
|  64|0x0000000520000000, 0x0000000520800000, 0x0000000520800000|100%| O|  |TAMS 0x0000000520800000| PB 0x0000000520000000| Untracked 
|  65|0x0000000520800000, 0x0000000521000000, 0x0000000521000000|100%| O|  |TAMS 0x0000000521000000| PB 0x0000000520800000| Untracked 
|  66|0x0000000521000000, 0x0000000521800000, 0x0000000521800000|100%| O|  |TAMS 0x0000000521800000| PB 0x0000000521000000| Untracked 
|  67|0x0000000521800000, 0x0000000522000000, 0x0000000522000000|100%| O|  |TAMS 0x0000000521800000| PB 0x0000000521800000| Untracked 
|  68|0x0000000522000000, 0x0000000522800000, 0x0000000522800000|100%| O|  |TAMS 0x0000000522000000| PB 0x0000000522000000| Untracked 
|  69|0x0000000522800000, 0x0000000523000000, 0x0000000523000000|100%| O|  |TAMS 0x0000000522800000| PB 0x0000000522800000| Untracked 
|  70|0x0000000523000000, 0x0000000523800000, 0x0000000523800000|100%| O|  |TAMS 0x0000000523000000| PB 0x0000000523000000| Untracked 
|  71|0x0000000523800000, 0x0000000524000000, 0x0000000524000000|100%| O|  |TAMS 0x0000000523800000| PB 0x0000000523800000| Untracked 
|  72|0x0000000524000000, 0x0000000524800000, 0x0000000524800000|100%| O|  |TAMS 0x0000000524000000| PB 0x0000000524000000| Untracked 
|  73|0x0000000524800000, 0x0000000525000000, 0x0000000525000000|100%| O|  |TAMS 0x0000000524800000| PB 0x0000000524800000| Untracked 
|  74|0x0000000525000000, 0x0000000525800000, 0x0000000525800000|100%| O|  |TAMS 0x0000000525000000| PB 0x0000000525000000| Untracked 
|  75|0x0000000525800000, 0x0000000526000000, 0x0000000526000000|100%| O|  |TAMS 0x0000000525800000| PB 0x0000000525800000| Untracked 
|  76|0x0000000526000000, 0x0000000526800000, 0x0000000526800000|100%| O|  |TAMS 0x0000000526000000| PB 0x0000000526000000| Untracked 
|  77|0x0000000526800000, 0x0000000527000000, 0x0000000527000000|100%| O|  |TAMS 0x0000000526800000| PB 0x0000000526800000| Untracked 
|  78|0x0000000527000000, 0x0000000527800000, 0x0000000527800000|100%| O|  |TAMS 0x0000000527000000| PB 0x0000000527000000| Untracked 
|  79|0x0000000527800000, 0x0000000528000000, 0x0000000528000000|100%| O|  |TAMS 0x0000000527800000| PB 0x0000000527800000| Untracked 
|  80|0x0000000528000000, 0x0000000528800000, 0x0000000528800000|100%| O|  |TAMS 0x0000000528000000| PB 0x0000000528000000| Untracked 
|  81|0x0000000528800000, 0x0000000529000000, 0x0000000529000000|100%| O|  |TAMS 0x0000000528800000| PB 0x0000000528800000| Untracked 
|  82|0x0000000529000000, 0x0000000529800000, 0x0000000529800000|100%| O|  |TAMS 0x0000000529000000| PB 0x0000000529000000| Untracked 
|  83|0x0000000529800000, 0x000000052a000000, 0x000000052a000000|100%| O|  |TAMS 0x0000000529800000| PB 0x0000000529800000| Untracked 
|  84|0x000000052a000000, 0x000000052a800000, 0x000000052a800000|100%| O|  |TAMS 0x000000052a000000| PB 0x000000052a000000| Untracked 
|  85|0x000000052a800000, 0x000000052b000000, 0x000000052b000000|100%| O|  |TAMS 0x000000052a800000| PB 0x000000052a800000| Untracked 
|  86|0x000000052b000000, 0x000000052b648358, 0x000000052b800000| 78%| O|  |TAMS 0x000000052b000000| PB 0x000000052b000000| Untracked 
|  87|0x000000052b800000, 0x000000052b800000, 0x000000052c000000|  0%| F|  |TAMS 0x000000052b800000| PB 0x000000052b800000| Untracked 
|  88|0x000000052c000000, 0x000000052c000000, 0x000000052c800000|  0%| F|  |TAMS 0x000000052c000000| PB 0x000000052c000000| Untracked 
|  89|0x000000052c800000, 0x000000052c800000, 0x000000052d000000|  0%| F|  |TAMS 0x000000052c800000| PB 0x000000052c800000| Untracked 
|  90|0x000000052d000000, 0x000000052d000000, 0x000000052d800000|  0%| F|  |TAMS 0x000000052d000000| PB 0x000000052d000000| Untracked 
|  91|0x000000052d800000, 0x000000052d800000, 0x000000052e000000|  0%| F|  |TAMS 0x000000052d800000| PB 0x000000052d800000| Untracked 
|  92|0x000000052e000000, 0x000000052e000000, 0x000000052e800000|  0%| F|  |TAMS 0x000000052e000000| PB 0x000000052e000000| Untracked 
|  93|0x000000052e800000, 0x000000052e800000, 0x000000052f000000|  0%| F|  |TAMS 0x000000052e800000| PB 0x000000052e800000| Untracked 
|  94|0x000000052f000000, 0x000000052f000000, 0x000000052f800000|  0%| F|  |TAMS 0x000000052f000000| PB 0x000000052f000000| Untracked 
|  95|0x000000052f800000, 0x000000052f800000, 0x0000000530000000|  0%| F|  |TAMS 0x000000052f800000| PB 0x000000052f800000| Untracked 
|  96|0x0000000530000000, 0x0000000530000000, 0x0000000530800000|  0%| F|  |TAMS 0x0000000530000000| PB 0x0000000530000000| Untracked 
|  97|0x0000000530800000, 0x0000000530800000, 0x0000000531000000|  0%| F|  |TAMS 0x0000000530800000| PB 0x0000000530800000| Untracked 
|  98|0x0000000531000000, 0x0000000531000000, 0x0000000531800000|  0%| F|  |TAMS 0x0000000531000000| PB 0x0000000531000000| Untracked 
|  99|0x0000000531800000, 0x0000000531800000, 0x0000000532000000|  0%| F|  |TAMS 0x0000000531800000| PB 0x0000000531800000| Untracked 
| 100|0x0000000532000000, 0x0000000532000000, 0x0000000532800000|  0%| F|  |TAMS 0x0000000532000000| PB 0x0000000532000000| Untracked 
| 101|0x0000000532800000, 0x0000000532800000, 0x0000000533000000|  0%| F|  |TAMS 0x0000000532800000| PB 0x0000000532800000| Untracked 
| 102|0x0000000533000000, 0x0000000533000000, 0x0000000533800000|  0%| F|  |TAMS 0x0000000533000000| PB 0x0000000533000000| Untracked 
| 103|0x0000000533800000, 0x0000000533800000, 0x0000000534000000|  0%| F|  |TAMS 0x0000000533800000| PB 0x0000000533800000| Untracked 
| 104|0x0000000534000000, 0x0000000534000000, 0x0000000534800000|  0%| F|  |TAMS 0x0000000534000000| PB 0x0000000534000000| Untracked 
| 105|0x0000000534800000, 0x0000000534800000, 0x0000000535000000|  0%| F|  |TAMS 0x0000000534800000| PB 0x0000000534800000| Untracked 
| 106|0x0000000535000000, 0x0000000535000000, 0x0000000535800000|  0%| F|  |TAMS 0x0000000535000000| PB 0x0000000535000000| Untracked 
| 107|0x0000000535800000, 0x0000000535800000, 0x0000000536000000|  0%| F|  |TAMS 0x0000000535800000| PB 0x0000000535800000| Untracked 
| 108|0x0000000536000000, 0x0000000536000000, 0x0000000536800000|  0%| F|  |TAMS 0x0000000536000000| PB 0x0000000536000000| Untracked 
| 109|0x0000000536800000, 0x0000000536800000, 0x0000000537000000|  0%| F|  |TAMS 0x0000000536800000| PB 0x0000000536800000| Untracked 
| 110|0x0000000537000000, 0x0000000537000000, 0x0000000537800000|  0%| F|  |TAMS 0x0000000537000000| PB 0x0000000537000000| Untracked 
| 111|0x0000000537800000, 0x0000000537800000, 0x0000000538000000|  0%| F|  |TAMS 0x0000000537800000| PB 0x0000000537800000| Untracked 
| 112|0x0000000538000000, 0x0000000538000000, 0x0000000538800000|  0%| F|  |TAMS 0x0000000538000000| PB 0x0000000538000000| Untracked 
| 113|0x0000000538800000, 0x0000000538800000, 0x0000000539000000|  0%| F|  |TAMS 0x0000000538800000| PB 0x0000000538800000| Untracked 
| 114|0x0000000539000000, 0x0000000539000000, 0x0000000539800000|  0%| F|  |TAMS 0x0000000539000000| PB 0x0000000539000000| Untracked 
| 115|0x0000000539800000, 0x0000000539800000, 0x000000053a000000|  0%| F|  |TAMS 0x0000000539800000| PB 0x0000000539800000| Untracked 
| 116|0x000000053a000000, 0x000000053a000000, 0x000000053a800000|  0%| F|  |TAMS 0x000000053a000000| PB 0x000000053a000000| Untracked 
| 117|0x000000053a800000, 0x000000053a800000, 0x000000053b000000|  0%| F|  |TAMS 0x000000053a800000| PB 0x000000053a800000| Untracked 
| 118|0x000000053b000000, 0x000000053b000000, 0x000000053b800000|  0%| F|  |TAMS 0x000000053b000000| PB 0x000000053b000000| Untracked 
| 119|0x000000053b800000, 0x000000053b800000, 0x000000053c000000|  0%| F|  |TAMS 0x000000053b800000| PB 0x000000053b800000| Untracked 
| 120|0x000000053c000000, 0x000000053c800000, 0x000000053c800000|100%| S|CS|TAMS 0x000000053c000000| PB 0x000000053c000000| Complete 
| 121|0x000000053c800000, 0x000000053d000000, 0x000000053d000000|100%| S|CS|TAMS 0x000000053c800000| PB 0x000000053c800000| Complete 
| 122|0x000000053d000000, 0x000000053d800000, 0x000000053d800000|100%| S|CS|TAMS 0x000000053d000000| PB 0x000000053d000000| Complete 
| 123|0x000000053d800000, 0x000000053d800000, 0x000000053e000000|  0%| F|  |TAMS 0x000000053d800000| PB 0x000000053d800000| Untracked 
| 124|0x000000053e000000, 0x000000053e000000, 0x000000053e800000|  0%| F|  |TAMS 0x000000053e000000| PB 0x000000053e000000| Untracked 
| 125|0x000000053e800000, 0x000000053e800000, 0x000000053f000000|  0%| F|  |TAMS 0x000000053e800000| PB 0x000000053e800000| Untracked 
| 126|0x000000053f000000, 0x000000053f000000, 0x000000053f800000|  0%| F|  |TAMS 0x000000053f000000| PB 0x000000053f000000| Untracked 
| 127|0x000000053f800000, 0x000000053f800000, 0x0000000540000000|  0%| F|  |TAMS 0x000000053f800000| PB 0x000000053f800000| Untracked 
| 128|0x0000000540000000, 0x0000000540000000, 0x0000000540800000|  0%| F|  |TAMS 0x0000000540000000| PB 0x0000000540000000| Untracked 
| 129|0x0000000540800000, 0x0000000540800000, 0x0000000541000000|  0%| F|  |TAMS 0x0000000540800000| PB 0x0000000540800000| Untracked 
| 130|0x0000000541000000, 0x0000000541000000, 0x0000000541800000|  0%| F|  |TAMS 0x0000000541000000| PB 0x0000000541000000| Untracked 
| 131|0x0000000541800000, 0x0000000541800000, 0x0000000542000000|  0%| F|  |TAMS 0x0000000541800000| PB 0x0000000541800000| Untracked 
| 132|0x0000000542000000, 0x0000000542000000, 0x0000000542800000|  0%| F|  |TAMS 0x0000000542000000| PB 0x0000000542000000| Untracked 
| 133|0x0000000542800000, 0x0000000542800000, 0x0000000543000000|  0%| F|  |TAMS 0x0000000542800000| PB 0x0000000542800000| Untracked 
| 134|0x0000000543000000, 0x0000000543000000, 0x0000000543800000|  0%| F|  |TAMS 0x0000000543000000| PB 0x0000000543000000| Untracked 
| 135|0x0000000543800000, 0x0000000543800000, 0x0000000544000000|  0%| F|  |TAMS 0x0000000543800000| PB 0x0000000543800000| Untracked 
| 136|0x0000000544000000, 0x0000000544000000, 0x0000000544800000|  0%| F|  |TAMS 0x0000000544000000| PB 0x0000000544000000| Untracked 
| 137|0x0000000544800000, 0x0000000544800000, 0x0000000545000000|  0%| F|  |TAMS 0x0000000544800000| PB 0x0000000544800000| Untracked 
| 138|0x0000000545000000, 0x0000000545000000, 0x0000000545800000|  0%| F|  |TAMS 0x0000000545000000| PB 0x0000000545000000| Untracked 
| 139|0x0000000545800000, 0x0000000545800000, 0x0000000546000000|  0%| F|  |TAMS 0x0000000545800000| PB 0x0000000545800000| Untracked 
| 140|0x0000000546000000, 0x0000000546000000, 0x0000000546800000|  0%| F|  |TAMS 0x0000000546000000| PB 0x0000000546000000| Untracked 
| 141|0x0000000546800000, 0x0000000546800000, 0x0000000547000000|  0%| F|  |TAMS 0x0000000546800000| PB 0x0000000546800000| Untracked 
| 142|0x0000000547000000, 0x0000000547000000, 0x0000000547800000|  0%| F|  |TAMS 0x0000000547000000| PB 0x0000000547000000| Untracked 
| 143|0x0000000547800000, 0x0000000547800000, 0x0000000548000000|  0%| F|  |TAMS 0x0000000547800000| PB 0x0000000547800000| Untracked 

Card table byte_map: [0x000001a2cd8f0000,0x000001a2cf0f0000] _byte_map_base: 0x000001a2cb0f0000

Marking Bits: (CMBitMap*) 0x000001a2b45736c0
 Bits: [0x000001a2cf0f0000, 0x000001a2db0f0000)

Polling page: 0x000001a2b2320000

Metaspace:

Usage:
  Non-class:      1.70 MB used.
      Class:    168.33 KB used.
       Both:      1.87 MB used.

Virtual space:
  Non-class space:       64.00 MB reserved,       1.75 MB (  3%) committed,  1 nodes.
      Class space:        1.00 GB reserved,     256.00 KB ( <1%) committed,  1 nodes.
             Both:        1.06 GB reserved,       2.00 MB ( <1%) committed. 

Chunk freelists:
   Non-Class:  11.88 MB
       Class:  15.70 MB
        Both:  27.58 MB

MaxMetaspaceSize: unlimited
CompressedClassSpaceSize: 1.00 GB
Initial GC threshold: 21.00 MB
Current GC threshold: 21.00 MB
CDS: on
 - commit_granule_bytes: 65536.
 - commit_granule_words: 8192.
 - virtual_space_node_default_size: 8388608.
 - enlarge_chunks_in_place: 1.
 - use_allocation_guard: 0.


Internal statistics:

num_allocs_failed_limit: 0.
num_arena_births: 90.
num_arena_deaths: 0.
num_vsnodes_births: 2.
num_vsnodes_deaths: 0.
num_space_committed: 32.
num_space_uncommitted: 0.
num_chunks_returned_to_freelist: 0.
num_chunks_taken_from_freelist: 114.
num_chunk_merges: 0.
num_chunk_splits: 68.
num_chunks_enlarged: 25.
num_inconsistent_stats: 0.

CodeHeap 'non-profiled nmethods': size=120000Kb used=200Kb max_used=200Kb free=119799Kb
 bounds [0x000001a2c4670000, 0x000001a2c48e0000, 0x000001a2cbba0000]
CodeHeap 'profiled nmethods': size=120000Kb used=571Kb max_used=571Kb free=119428Kb
 bounds [0x000001a2bcba0000, 0x000001a2bce10000, 0x000001a2c40d0000]
CodeHeap 'non-nmethods': size=5760Kb used=1329Kb max_used=1347Kb free=4430Kb
 bounds [0x000001a2c40d0000, 0x000001a2c4340000, 0x000001a2c4670000]
 total_blobs=874 nmethods=436 adapters=343
 compilation: enabled
              stopped_count=0, restarted_count=0
 full_count=0

Compilation events (20 events):
Event: 0.520 Thread 0x000001a2db2e6da0  427       3       image_segmentation.SuperPixel::<init> (79 bytes)
Event: 0.539 Thread 0x000001a2db2e6da0 nmethod 427 0x000001a2bcc2be90 code [0x000001a2bcc2c0a0, 0x000001a2bcc2c788]
Event: 0.539 Thread 0x000001a2db2e6da0  428       3       datastructures.ArrayList::addLast (37 bytes)
Event: 0.540 Thread 0x000001a2db2e6da0 nmethod 428 0x000001a2bcc2ca10 code [0x000001a2bcc2cbe0, 0x000001a2bcc2cf30]
Event: 0.540 Thread 0x000001a2db2e6da0  429       3       datastructures.DoublyLinkedList::addLast (17 bytes)
Event: 0.541 Thread 0x000001a2db2e6da0 nmethod 429 0x000001a2bcc2d090 code [0x000001a2bcc2d240, 0x000001a2bcc2d3b8]
Event: 0.541 Thread 0x000001a2db2e6da0  430       3       datastructures.DoublyLinkedList::addBetween (35 bytes)
Event: 0.541 Thread 0x000001a2db2e6da0 nmethod 430 0x000001a2bcc2d490 code [0x000001a2bcc2d660, 0x000001a2bcc2dac0]
Event: 0.565 Thread 0x000001a2db2e66d0  431       4       image_segmentation.SuperPixel::<init> (79 bytes)
Event: 0.566 Thread 0x000001a2db2e0750  432       4       datastructures.ArrayList::addLast (37 bytes)
Event: 0.570 Thread 0x000001a2db2e0750 nmethod 432 0x000001a2c46a0490 code [0x000001a2c46a0620, 0x000001a2c46a0840]
Event: 0.570 Thread 0x000001a2db2e0750  433       4       datastructures.DoublyLinkedList::addLast (17 bytes)
Event: 0.574 Thread 0x000001a2db2e0750 nmethod 433 0x000001a2c46a0990 code [0x000001a2c46a0b20, 0x000001a2c46a0e58]
Event: 0.575 Thread 0x000001a2db2e66d0 nmethod 431 0x000001a2c46a0f90 code [0x000001a2c46a1160, 0x000001a2c46a1898]
Event: 0.992 Thread 0x000001a2db2e6da0  434 %     3       image_segmentation.Graph::createSegments @ 12 (57 bytes)
Event: 0.993 Thread 0x000001a2db2e6da0 nmethod 434% 0x000001a2bcc2dc10 code [0x000001a2bcc2de00, 0x000001a2bcc2e308]
Event: 0.994 Thread 0x000001a2db2e6da0  435       3       image_segmentation.Graph::createSegments (57 bytes)
Event: 0.995 Thread 0x000001a2db2e6da0 nmethod 435 0x000001a2bcc2e610 code [0x000001a2bcc2e800, 0x000001a2bcc2ec80]
Event: 0.995 Thread 0x000001a2db2e0750  436       4       datastructures.DoublyLinkedList::addBetween (35 bytes)
Event: 0.999 Thread 0x000001a2db2e0750 nmethod 436 0x000001a2c46a1b90 code [0x000001a2c46a1d20, 0x000001a2c46a2050]

GC Heap History (20 events):
Event: 0.341 GC heap after
{Heap after GC invocations=3 (full 0):
 garbage-first heap   total 131072K, used 32191K [0x0000000500000000, 0x0000000800000000)
  region size 8192K, 1 young (8192K), 1 survivors (8192K)
 Metaspace       used 1845K, committed 2048K, reserved 1114112K
  class space    used 161K, committed 256K, reserved 1048576K
}
Event: 0.352 GC heap before
{Heap before GC invocations=3 (full 0):
 garbage-first heap   total 131072K, used 48575K [0x0000000500000000, 0x0000000800000000)
  region size 8192K, 3 young (24576K), 1 survivors (8192K)
 Metaspace       used 1845K, committed 2048K, reserved 1114112K
  class space    used 161K, committed 256K, reserved 1048576K
}
Event: 0.374 GC heap after
{Heap after GC invocations=4 (full 0):
 garbage-first heap   total 131072K, used 50203K [0x0000000500000000, 0x0000000800000000)
  region size 8192K, 1 young (8192K), 1 survivors (8192K)
 Metaspace       used 1845K, committed 2048K, reserved 1114112K
  class space    used 161K, committed 256K, reserved 1048576K
}
Event: 0.381 GC heap before
{Heap before GC invocations=4 (full 0):
 garbage-first heap   total 131072K, used 66587K [0x0000000500000000, 0x0000000800000000)
  region size 8192K, 3 young (24576K), 1 survivors (8192K)
 Metaspace       used 1845K, committed 2048K, reserved 1114112K
  class space    used 161K, committed 256K, reserved 1048576K
}
Event: 0.404 GC heap after
{Heap after GC invocations=5 (full 0):
 garbage-first heap   total 393216K, used 68368K [0x0000000500000000, 0x0000000800000000)
  region size 8192K, 1 young (8192K), 1 survivors (8192K)
 Metaspace       used 1845K, committed 2048K, reserved 1114112K
  class space    used 161K, committed 256K, reserved 1048576K
}
Event: 0.478 GC heap before
{Heap before GC invocations=5 (full 0):
 garbage-first heap   total 393216K, used 92944K [0x0000000500000000, 0x0000000800000000)
  region size 8192K, 4 young (32768K), 1 survivors (8192K)
 Metaspace       used 1851K, committed 2048K, reserved 1114112K
  class space    used 161K, committed 256K, reserved 1048576K
}
Event: 0.500 GC heap after
{Heap after GC invocations=6 (full 0):
 garbage-first heap   total 393216K, used 73513K [0x0000000500000000, 0x0000000800000000)
  region size 8192K, 1 young (8192K), 1 survivors (8192K)
 Metaspace       used 1851K, committed 2048K, reserved 1114112K
  class space    used 161K, committed 256K, reserved 1048576K
}
Event: 0.521 GC heap before
{Heap before GC invocations=6 (full 0):
 garbage-first heap   total 393216K, used 81705K [0x0000000500000000, 0x0000000800000000)
  region size 8192K, 2 young (16384K), 1 survivors (8192K)
 Metaspace       used 1909K, committed 2048K, reserved 1114112K
  class space    used 168K, committed 256K, reserved 1048576K
}
Event: 0.539 GC heap after
{Heap after GC invocations=7 (full 0):
 garbage-first heap   total 393216K, used 75383K [0x0000000500000000, 0x0000000800000000)
  region size 8192K, 1 young (8192K), 1 survivors (8192K)
 Metaspace       used 1909K, committed 2048K, reserved 1114112K
  class space    used 168K, committed 256K, reserved 1048576K
}
Event: 0.587 GC heap before
{Heap before GC invocations=7 (full 0):
 garbage-first heap   total 393216K, used 140919K [0x0000000500000000, 0x0000000800000000)
  region size 8192K, 9 young (73728K), 1 survivors (8192K)
 Metaspace       used 1910K, committed 2048K, reserved 1114112K
  class space    used 168K, committed 256K, reserved 1048576K
}
Event: 0.622 GC heap after
{Heap after GC invocations=8 (full 0):
 garbage-first heap   total 393216K, used 142866K [0x0000000500000000, 0x0000000800000000)
  region size 8192K, 2 young (16384K), 2 survivors (16384K)
 Metaspace       used 1910K, committed 2048K, reserved 1114112K
  class space    used 168K, committed 256K, reserved 1048576K
}
Event: 0.638 GC heap before
{Heap before GC invocations=8 (full 0):
 garbage-first heap   total 393216K, used 208402K [0x0000000500000000, 0x0000000800000000)
  region size 8192K, 10 young (81920K), 2 survivors (16384K)
 Metaspace       used 1910K, committed 2048K, reserved 1114112K
  class space    used 168K, committed 256K, reserved 1048576K
}
Event: 0.673 GC heap after
{Heap after GC invocations=9 (full 0):
 garbage-first heap   total 1179648K, used 216596K [0x0000000500000000, 0x0000000800000000)
  region size 8192K, 2 young (16384K), 2 survivors (16384K)
 Metaspace       used 1910K, committed 2048K, reserved 1114112K
  class space    used 168K, committed 256K, reserved 1048576K
}
Event: 0.733 GC heap before
{Heap before GC invocations=9 (full 0):
 garbage-first heap   total 1179648K, used 298516K [0x0000000500000000, 0x0000000800000000)
  region size 8192K, 12 young (98304K), 2 survivors (16384K)
 Metaspace       used 1910K, committed 2048K, reserved 1114112K
  class space    used 168K, committed 256K, reserved 1048576K
}
Event: 0.777 GC heap after
{Heap after GC invocations=10 (full 0):
 garbage-first heap   total 1179648K, used 305473K [0x0000000500000000, 0x0000000800000000)
  region size 8192K, 2 young (16384K), 2 survivors (16384K)
 Metaspace       used 1910K, committed 2048K, reserved 1114112K
  class space    used 168K, committed 256K, reserved 1048576K
}
Event: 0.808 GC heap before
{Heap before GC invocations=10 (full 0):
 garbage-first heap   total 1179648K, used 411969K [0x0000000500000000, 0x0000000800000000)
  region size 8192K, 15 young (122880K), 2 survivors (16384K)
 Metaspace       used 1910K, committed 2048K, reserved 1114112K
  class space    used 168K, committed 256K, reserved 1048576K
}
Event: 0.849 GC heap after
{Heap after GC invocations=11 (full 0):
 garbage-first heap   total 1179648K, used 423850K [0x0000000500000000, 0x0000000800000000)
  region size 8192K, 2 young (16384K), 2 survivors (16384K)
 Metaspace       used 1910K, committed 2048K, reserved 1114112K
  class space    used 168K, committed 256K, reserved 1048576K
}
Event: 0.882 GC heap before
{Heap before GC invocations=11 (full 0):
 garbage-first heap   total 1179648K, used 554922K [0x0000000500000000, 0x0000000800000000)
  region size 8192K, 18 young (147456K), 2 survivors (16384K)
 Metaspace       used 1910K, committed 2048K, reserved 1114112K
  class space    used 168K, committed 256K, reserved 1048576K
}
Event: 0.978 GC heap after
{Heap after GC invocations=12 (full 0):
 garbage-first heap   total 1179648K, used 573440K [0x0000000500000000, 0x0000000800000000)
  region size 8192K, 3 young (24576K), 3 survivors (24576K)
 Metaspace       used 1910K, committed 2048K, reserved 1114112K
  class space    used 168K, committed 256K, reserved 1048576K
}
Event: 1.026 GC heap before
{Heap before GC invocations=12 (full 0):
 garbage-first heap   total 1179648K, used 720896K [0x0000000500000000, 0x0000000800000000)
  region size 8192K, 21 young (172032K), 3 survivors (24576K)
 Metaspace       used 1911K, committed 2048K, reserved 1114112K
  class space    used 168K, committed 256K, reserved 1048576K
}

Dll operation events (5 events):
Event: 0.014 Loaded shared library C:\Program Files\Eclipse Adoptium\jdk-21.0.6.7-hotspot\bin\java.dll
Event: 0.059 Loaded shared library C:\Program Files\Eclipse Adoptium\jdk-21.0.6.7-hotspot\bin\jsvml.dll
Event: 0.103 Loaded shared library C:\Program Files\Eclipse Adoptium\jdk-21.0.6.7-hotspot\bin\jimage.dll
Event: 0.152 Loaded shared library C:\Program Files\Eclipse Adoptium\jdk-21.0.6.7-hotspot\bin\awt.dll
Event: 0.214 Loaded shared library C:\Program Files\Eclipse Adoptium\jdk-21.0.6.7-hotspot\bin\zip.dll

Deoptimization events (6 events):
Event: 0.457 Thread 0x000001a2b20a5600 DEOPT PACKING pc=0x000001a2bcc1a517 sp=0x0000002d2daff0c0
Event: 0.457 Thread 0x000001a2b20a5600 DEOPT UNPACKING pc=0x000001a2c4124e42 sp=0x0000002d2dafe5e8 mode 0
Event: 0.507 Thread 0x000001a2b20a5600 Uncommon trap: trap_request=0xffffff45 fr.pc=0x000001a2c469c3a8 relative=0x0000000000000aa8
Event: 0.507 Thread 0x000001a2b20a5600 Uncommon trap: reason=unstable_if action=reinterpret pc=0x000001a2c469c3a8 method=preprocessing.Preprocessing.ImageAs2DPixel(Ljava/awt/image/BufferedImage;)[[Limage_segmentation/Pixel; @ 80 c2
Event: 0.507 Thread 0x000001a2b20a5600 DEOPT PACKING pc=0x000001a2c469c3a8 sp=0x0000002d2daff120
Event: 0.507 Thread 0x000001a2b20a5600 DEOPT UNPACKING pc=0x000001a2c41246a2 sp=0x0000002d2daff0e8 mode 2

Classes loaded (20 events):
Event: 0.220 Loading class sun/awt/image/NativeLibLoader
Event: 0.220 Loading class sun/awt/image/NativeLibLoader done
Event: 0.220 Loading class sun/awt/image/NativeLibLoader$1
Event: 0.220 Loading class sun/awt/image/NativeLibLoader$1 done
Event: 0.221 Loading class java/awt/ImageCapabilities
Event: 0.221 Loading class java/awt/ImageCapabilities done
Event: 0.221 Loading class java/awt/Image$1
Event: 0.221 Loading class sun/awt/image/SurfaceManager$ImageAccessor
Event: 0.221 Loading class sun/awt/image/SurfaceManager$ImageAccessor done
Event: 0.221 Loading class java/awt/Image$1 done
Event: 0.221 Loading class sun/awt/image/SurfaceManager
Event: 0.221 Loading class sun/awt/image/SurfaceManager done
Event: 0.221 Loading class java/awt/image/BufferedImage$1
Event: 0.221 Loading class java/awt/image/BufferedImage$1 done
Event: 0.221 Loading class sun/awt/image/IntegerComponentRaster
Event: 0.221 Loading class sun/awt/image/IntegerComponentRaster done
Event: 0.221 Loading class sun/awt/image/ByteInterleavedRaster
Event: 0.221 Loading class sun/awt/image/ByteComponentRaster
Event: 0.222 Loading class sun/awt/image/ByteComponentRaster done
Event: 0.222 Loading class sun/awt/image/ByteInterleavedRaster done

Classes unloaded (0 events):
No events

Classes redefined (0 events):
No events

Internal exceptions (3 events):
Event: 0.110 Thread 0x000001a2b20a5600 Exception <a 'java/lang/ClassNotFoundException'{0x0000000507a1c810}: sun/awt/resources/spi/awtProvider> (0x0000000507a1c810) 
thrown [s\src\hotspot\share\classfile\systemDictionary.cpp, line 312]
Event: 0.165 Thread 0x000001a2b20a5600 Exception <a 'java/io/FileNotFoundException'{0x0000000507a75000}> (0x0000000507a75000) 
thrown [s\src\hotspot\share\prims\jni.cpp, line 520]
Event: 0.173 Thread 0x000001a2b20a5600 Exception <a 'java/io/FileNotFoundException'{0x0000000507a9fbc0}> (0x0000000507a9fbc0) 
thrown [s\src\hotspot\share\prims\jni.cpp, line 520]

ZGC Phase Switch (0 events):
No events

VM Operations (20 events):
Event: 0.341 Executing VM operation: G1CollectForAllocation (G1 Evacuation Pause) done
Event: 0.352 Executing VM operation: G1CollectForAllocation (G1 Evacuation Pause)
Event: 0.374 Executing VM operation: G1CollectForAllocation (G1 Evacuation Pause) done
Event: 0.381 Executing VM operation: G1CollectForAllocation (G1 Evacuation Pause)
Event: 0.404 Executing VM operation: G1CollectForAllocation (G1 Evacuation Pause) done
Event: 0.478 Executing VM operation: G1CollectForAllocation (G1 Evacuation Pause)
Event: 0.500 Executing VM operation: G1CollectForAllocation (G1 Evacuation Pause) done
Event: 0.521 Executing VM operation: G1CollectForAllocation (G1 Evacuation Pause)
Event: 0.539 Executing VM operation: G1CollectForAllocation (G1 Evacuation Pause) done
Event: 0.587 Executing VM operation: G1CollectForAllocation (G1 Evacuation Pause)
Event: 0.622 Executing VM operation: G1CollectForAllocation (G1 Evacuation Pause) done
Event: 0.638 Executing VM operation: G1CollectForAllocation (G1 Evacuation Pause)
Event: 0.673 Executing VM operation: G1CollectForAllocation (G1 Evacuation Pause) done
Event: 0.733 Executing VM operation: G1CollectForAllocation (G1 Evacuation Pause)
Event: 0.777 Executing VM operation: G1CollectForAllocation (G1 Evacuation Pause) done
Event: 0.808 Executing VM operation: G1CollectForAllocation (G1 Evacuation Pause)
Event: 0.849 Executing VM operation: G1CollectForAllocation (G1 Evacuation Pause) done
Event: 0.881 Executing VM operation: G1CollectForAllocation (G1 Evacuation Pause)
Event: 0.979 Executing VM operation: G1CollectForAllocation (G1 Evacuation Pause) done
Event: 1.026 Executing VM operation: G1CollectForAllocation (G1 Evacuation Pause)

Memory protections (0 events):
No events

Nmethod flushes (0 events):
No events

Events (16 events):
Event: 0.038 Thread 0x000001a2b20a5600 Thread added: 0x000001a2b20a5600
Event: 0.056 Thread 0x000001a2b20a5600 Thread added: 0x000001a2db2c10b0
Event: 0.056 Thread 0x000001a2b20a5600 Thread added: 0x000001a2db2c6c30
Event: 0.056 Thread 0x000001a2b20a5600 Thread added: 0x000001a2db2c8950
Event: 0.056 Thread 0x000001a2b20a5600 Thread added: 0x000001a2db2ccaf0
Event: 0.056 Thread 0x000001a2b20a5600 Thread added: 0x000001a2db2ce0f0
Event: 0.056 Thread 0x000001a2b20a5600 Thread added: 0x000001a2db2d3870
Event: 0.056 Thread 0x000001a2b20a5600 Thread added: 0x000001a2db2e0750
Event: 0.057 Thread 0x000001a2b20a5600 Thread added: 0x000001a2db2e6da0
Event: 0.075 Thread 0x000001a2b20a5600 Thread added: 0x000001a323172640
Event: 0.079 Thread 0x000001a2b20a5600 Thread added: 0x000001a323175cd0
Event: 0.206 Thread 0x000001a2b20a5600 Thread added: 0x000001a3231a9500
Event: 0.411 Thread 0x000001a2db2e6da0 Thread added: 0x000001a2db2e66d0
Event: 0.411 Thread 0x000001a2db2e6da0 Thread added: 0x000001a2db2e5260
Event: 0.565 Thread 0x000001a2db2e5260 Thread exited: 0x000001a2db2e5260
Event: 0.992 Thread 0x000001a2db2e66d0 Thread exited: 0x000001a2db2e66d0


Dynamic libraries:
0x00007ff6752d0000 - 0x00007ff6752de000 	C:\Program Files\Eclipse Adoptium\jdk-21.0.6.7-hotspot\bin\java.exe
0x00007fff9b600000 - 0x00007fff9b867000 	C:\WINDOWS\SYSTEM32\ntdll.dll
0x00007fff9a3f0000 - 0x00007fff9a4b9000 	C:\WINDOWS\System32\KERNEL32.DLL
0x00007fff98960000 - 0x00007fff98d57000 	C:\WINDOWS\System32\KERNELBASE.dll
0x00007fff99170000 - 0x00007fff992bb000 	C:\WINDOWS\System32\ucrtbase.dll
0x00007fff80690000 - 0x00007fff806ae000 	C:\Program Files\Eclipse Adoptium\jdk-21.0.6.7-hotspot\bin\VCRUNTIME140.dll
0x00007fff7fd20000 - 0x00007fff7fd38000 	C:\Program Files\Eclipse Adoptium\jdk-21.0.6.7-hotspot\bin\jli.dll
0x00007fff9b1d0000 - 0x00007fff9b396000 	C:\WINDOWS\System32\USER32.dll
0x00007fff7c360000 - 0x00007fff7c5f2000 	C:\WINDOWS\WinSxS\amd64_microsoft.windows.common-controls_6595b64144ccf1df_6.0.26100.8328_none_3e08182ce334b678\COMCTL32.dll
0x00007fff98930000 - 0x00007fff98957000 	C:\WINDOWS\System32\win32u.dll
0x00007fff9aa70000 - 0x00007fff9ab19000 	C:\WINDOWS\System32\msvcrt.dll
0x00007fff9a3b0000 - 0x00007fff9a3db000 	C:\WINDOWS\System32\GDI32.dll
0x00007fff98f90000 - 0x00007fff990bc000 	C:\WINDOWS\System32\gdi32full.dll
0x00007fff98d60000 - 0x00007fff98e03000 	C:\WINDOWS\System32\msvcp_win.dll
0x00007fff9a2d0000 - 0x00007fff9a302000 	C:\WINDOWS\System32\IMM32.DLL
0x00007fff8c320000 - 0x00007fff8c32c000 	C:\Program Files\Eclipse Adoptium\jdk-21.0.6.7-hotspot\bin\vcruntime140_1.dll
0x00007fff5f780000 - 0x00007fff5f80d000 	C:\Program Files\Eclipse Adoptium\jdk-21.0.6.7-hotspot\bin\msvcp140.dll
0x00007ffee8310000 - 0x00007ffee90a0000 	C:\Program Files\Eclipse Adoptium\jdk-21.0.6.7-hotspot\bin\server\jvm.dll
0x00007fff9b3a0000 - 0x00007fff9b456000 	C:\WINDOWS\System32\ADVAPI32.dll
0x00007fff9ad40000 - 0x00007fff9ade7000 	C:\WINDOWS\System32\sechost.dll
0x00007fff9a850000 - 0x00007fff9a968000 	C:\WINDOWS\System32\RPCRT4.dll
0x00007fff9a240000 - 0x00007fff9a2c0000 	C:\WINDOWS\System32\WS2_32.dll
0x00007fff97eb0000 - 0x00007fff97f0e000 	C:\WINDOWS\SYSTEM32\POWRPROF.dll
0x00007fff8b740000 - 0x00007fff8b74b000 	C:\WINDOWS\SYSTEM32\VERSION.dll
0x00007fff880a0000 - 0x00007fff880d6000 	C:\WINDOWS\SYSTEM32\WINMM.dll
0x00007fff97e90000 - 0x00007fff97ea4000 	C:\WINDOWS\SYSTEM32\UMPDC.dll
0x00007fff96d80000 - 0x00007fff96d9b000 	C:\WINDOWS\SYSTEM32\kernel.appcore.dll
0x00007fff80c70000 - 0x00007fff80c7a000 	C:\Program Files\Eclipse Adoptium\jdk-21.0.6.7-hotspot\bin\jimage.dll
0x00007fff95e90000 - 0x00007fff960d2000 	C:\WINDOWS\SYSTEM32\DBGHELP.DLL
0x00007fff9a4c0000 - 0x00007fff9a843000 	C:\WINDOWS\System32\combase.dll
0x00007fff9ac30000 - 0x00007fff9ad09000 	C:\WINDOWS\System32\OLEAUT32.dll
0x00007fff74bc0000 - 0x00007fff74bfb000 	C:\WINDOWS\SYSTEM32\dbgcore.DLL
0x00007fff990c0000 - 0x00007fff99168000 	C:\WINDOWS\System32\bcryptPrimitives.dll
0x00007fff6a190000 - 0x00007fff6a1af000 	C:\Program Files\Eclipse Adoptium\jdk-21.0.6.7-hotspot\bin\java.dll
0x00007fff99ac0000 - 0x00007fff9a22e000 	C:\WINDOWS\System32\SHELL32.dll
0x00007fff980c0000 - 0x00007fff9892c000 	C:\WINDOWS\System32\windows.storage.dll
0x00007fff9a970000 - 0x00007fff9aa66000 	C:\WINDOWS\System32\SHCORE.dll
0x00007fff99a40000 - 0x00007fff99aa6000 	C:\WINDOWS\System32\shlwapi.dll
0x00007fff97f50000 - 0x00007fff97f79000 	C:\WINDOWS\SYSTEM32\profapi.dll
0x00007fff5c740000 - 0x00007fff5c817000 	C:\Program Files\Eclipse Adoptium\jdk-21.0.6.7-hotspot\bin\jsvml.dll
0x00007fff54080000 - 0x00007fff5420e000 	C:\Program Files\Eclipse Adoptium\jdk-21.0.6.7-hotspot\bin\awt.dll
0x00007fff900c0000 - 0x00007fff90160000 	C:\WINDOWS\SYSTEM32\apphelp.dll
0x00007fff6a140000 - 0x00007fff6a158000 	C:\Program Files\Eclipse Adoptium\jdk-21.0.6.7-hotspot\bin\zip.dll

dbghelp: loaded successfully - version: 4.0.5 - missing functions: none
symbol engine: initialized successfully - sym options: 0x614 - pdb path: .;C:\Program Files\Eclipse Adoptium\jdk-21.0.6.7-hotspot\bin;C:\WINDOWS\SYSTEM32;C:\WINDOWS\WinSxS\amd64_microsoft.windows.common-controls_6595b64144ccf1df_6.0.26100.8328_none_3e08182ce334b678;C:\Program Files\Eclipse Adoptium\jdk-21.0.6.7-hotspot\bin\server

VM Arguments:
jvm_args: -Xmx12G 
java_command: Test
java_class_path (initial): bin
Launcher Type: SUN_STANDARD

[Global flags]
     intx CICompilerCount                          = 4                                         {product} {ergonomic}
     uint ConcGCThreads                            = 3                                         {product} {ergonomic}
     uint G1ConcRefinementThreads                  = 10                                        {product} {ergonomic}
   size_t G1HeapRegionSize                         = 8388608                                   {product} {ergonomic}
    uintx GCDrainStackTargetSize                   = 64                                        {product} {ergonomic}
   size_t InitialHeapSize                          = 134217728                                 {product} {ergonomic}
   size_t MarkStackSize                            = 4194304                                   {product} {ergonomic}
   size_t MaxHeapSize                              = 12884901888                               {product} {command line}
   size_t MaxNewSize                               = 7725907968                                {product} {ergonomic}
   size_t MinHeapDeltaBytes                        = 8388608                                   {product} {ergonomic}
   size_t MinHeapSize                              = 8388608                                   {product} {ergonomic}
    uintx NonNMethodCodeHeapSize                   = 5839372                                {pd product} {ergonomic}
    uintx NonProfiledCodeHeapSize                  = 122909434                              {pd product} {ergonomic}
    uintx ProfiledCodeHeapSize                     = 122909434                              {pd product} {ergonomic}
    uintx ReservedCodeCacheSize                    = 251658240                              {pd product} {ergonomic}
     bool SegmentedCodeCache                       = true                                      {product} {ergonomic}
   size_t SoftMaxHeapSize                          = 12884901888                            {manageable} {ergonomic}
     bool UseCompressedOops                        = true                           {product lp64_product} {ergonomic}
     bool UseG1GC                                  = true                                      {product} {ergonomic}
     bool UseLargePagesIndividualAllocation        = false                                  {pd product} {ergonomic}

Logging:
Log output configuration:
 #0: stdout all=warning uptime,level,tags foldmultilines=false
 #1: stderr all=off uptime,level,tags foldmultilines=false

Environment Variables:
JAVA_HOME=C:\Program Files\Eclipse Adoptium\jdk-17.0.14.7-hotspot\
PATH=C:\Users\tshep\bin;C:\Program Files\Git\mingw64\bin;C:\Program Files\Git\usr\local\bin;C:\Program Files\Git\usr\bin;C:\Program Files\Git\usr\bin;C:\Program Files\Git\mingw64\bin;C:\Program Files\Git\usr\bin;C:\Users\tshep\bin;C:\Python313\Scripts;C:\Python313;C:\Program Files\Eclipse Adoptium\jdk-21.0.6.7-hotspot\bin;C:\Program Files\Eclipse Adoptium\jdk-17.0.14.7-hotspot\bin;C:\WINDOWS\system32;C:\WINDOWS;C:\WINDOWS\System32\Wbem;C:\WINDOWS\System32\WindowsPowerShell\v1.0;C:\WINDOWS\System32\OpenSSH;C:\Program Files\Git\cmd;C:\Program Files\nodejs;C:\ProgramData\chocolatey\bin;C:\Program Files\Docker\Docker\resources\bin;C:\Program Files\MySQL\MySQL Server 8.0\bin;C:\Program Files\MySQL\MySQL Shell 8.0\bin;C:\Users\tshep\AppData\Local\Microsoft\WindowsApps;C:\Users\tshep\AppData\Local\Programs\Microsoft VS Code\bin;C:\Users\tshep\AppData\Local\GitHubDesktop\bin;C:\Program Files\CodeBlocks\MinGW\bin;C:\MinGW\bin;C:\Users\tshep\AppData\Roaming\npm;C:\Users\tshep\AppData\Roaming\Python\Python313\Scripts;C:\Python313\Scripts;C:\Users\tshep\AppData\Local\Programs\MiKTeX\miktex\bin\x64;C:\Users\tshep\AppData\Local\Pandoc;C:\Program Files\Git\usr\bin\vendor_perl;C:\Program Files\Git\usr\bin\core_perl
USERNAME=tshep
SHELL=C:\Program Files\Git\usr\bin\bash.exe
DISPLAY=needs-to-be-defined
LC_CTYPE=en_US.UTF-8
TERM=xterm
TMPDIR=C:\Users\tshep\AppData\Local\Temp
OS=Windows_NT
PROCESSOR_IDENTIFIER=Intel64 Family 6 Model 154 Stepping 4, GenuineIntel
TMP=C:\Users\tshep\AppData\Local\Temp
TEMP=C:\Users\tshep\AppData\Local\Temp




Periodic native trim disabled

---------------  S Y S T E M  ---------------

OS:
 Windows 11 , 64 bit Build 26100 (10.0.26100.8328)
OS uptime: 1 days 0:44 hours
Hyper-V role detected

CPU: total 12 (initial active 12) (6 cores per cpu, 2 threads per core) family 6 model 154 stepping 4 microcode 0x424, cx8, cmov, fxsr, ht, mmx, 3dnowpref, sse, sse2, sse3, ssse3, sse4.1, sse4.2, popcnt, lzcnt, tsc, tscinvbit, avx, avx2, aes, erms, clmul, bmi1, bmi2, adx, sha, fma, vzeroupper, clflush, clflushopt, clwb, hv, serialize, rdtscp, rdpid, fsrm, f16c, cet_ibt, cet_ss
Processor Information for processor 0
  Max Mhz: 1300, Current Mhz: 1300, Mhz Limit: 1300
Processor Information for processor 1
  Max Mhz: 1300, Current Mhz: 1300, Mhz Limit: 1300
Processor Information for processor 2
  Max Mhz: 1300, Current Mhz: 1300, Mhz Limit: 1300
Processor Information for processor 3
  Max Mhz: 1300, Current Mhz: 1300, Mhz Limit: 1300
Processor Information for processor 4
  Max Mhz: 900, Current Mhz: 900, Mhz Limit: 900
Processor Information for processor 5
  Max Mhz: 900, Current Mhz: 900, Mhz Limit: 900
Processor Information for processor 6
  Max Mhz: 900, Current Mhz: 900, Mhz Limit: 900
Processor Information for processor 7
  Max Mhz: 900, Current Mhz: 900, Mhz Limit: 900
Processor Information for processor 8
  Max Mhz: 900, Current Mhz: 900, Mhz Limit: 900
Processor Information for processor 9
  Max Mhz: 900, Current Mhz: 900, Mhz Limit: 900
Processor Information for processor 10
  Max Mhz: 900, Current Mhz: 900, Mhz Limit: 900
Processor Information for processor 11
  Max Mhz: 900, Current Mhz: 900, Mhz Limit: 900

Memory: 4k page, system-wide physical 7916M (952M free)
TotalPageFile size 32492M (AvailPageFile size 1819M)
current process WorkingSet (physical memory assigned to process): 877M, peak: 877M
current process commit charge ("private bytes"): 1269M, peak: 3573M

vm_info: OpenJDK 64-Bit Server VM (21.0.6+7-LTS) for windows-amd64 JRE (21.0.6+7-LTS), built on 2025-01-21T00:00:00Z by "admin" with MS VC++ 17.7 (VS2022)

END.
